Pig Stack Trace
---------------
ERROR 1200: <file processing_anon_booters.pig, line 106, column 48>  mismatched input 'GENERATE' expecting SEMI_COLON

org.apache.pig.impl.logicalLayer.FrontendException: ERROR 1000: Error during parsing. <file processing_anon_booters.pig, line 106, column 48>  mismatched input 'GENERATE' expecting SEMI_COLON
	at org.apache.pig.PigServer$Graph.parseQuery(PigServer.java:1701)
	at org.apache.pig.PigServer$Graph.access$000(PigServer.java:1421)
	at org.apache.pig.PigServer.parseAndBuild(PigServer.java:354)
	at org.apache.pig.PigServer.executeBatch(PigServer.java:379)
	at org.apache.pig.PigServer.executeBatch(PigServer.java:365)
	at org.apache.pig.tools.grunt.GruntParser.executeBatch(GruntParser.java:140)
	at org.apache.pig.tools.grunt.GruntParser.parseStopOnError(GruntParser.java:202)
	at org.apache.pig.tools.grunt.GruntParser.parseStopOnError(GruntParser.java:173)
	at org.apache.pig.tools.grunt.Grunt.exec(Grunt.java:84)
	at org.apache.pig.Main.run(Main.java:607)
	at org.apache.pig.Main.main(Main.java:156)
	at sun.reflect.NativeMethodAccessorImpl.invoke0(Native Method)
	at sun.reflect.NativeMethodAccessorImpl.invoke(NativeMethodAccessorImpl.java:57)
	at sun.reflect.DelegatingMethodAccessorImpl.invoke(DelegatingMethodAccessorImpl.java:43)
	at java.lang.reflect.Method.invoke(Method.java:606)
	at org.apache.hadoop.util.RunJar.run(RunJar.java:221)
	at org.apache.hadoop.util.RunJar.main(RunJar.java:136)
Caused by: Failed to parse: <file processing_anon_booters.pig, line 106, column 48>  mismatched input 'GENERATE' expecting SEMI_COLON
	at org.apache.pig.parser.QueryParserDriver.parse(QueryParserDriver.java:241)
	at org.apache.pig.parser.QueryParserDriver.parse(QueryParserDriver.java:179)
	at org.apache.pig.PigServer$Graph.parseQuery(PigServer.java:1688)
	... 16 more
================================================================================
